2025-08-07 16:59:43,259 [ERROR] Failed to load knowledge base: Could not import sentence_transformers python package. Please install it with `pip install sentence-transformers`.
Traceback (most recent call last):
  File "C:\Users\k0m0oxq\Desktop\repos\Sql_Rag_Demo\sql_rag_env\Lib\site-packages\langchain_community\embeddings\huggingface.py", line 84, in __init__
    import sentence_transformers
ModuleNotFoundError: No module named 'sentence_transformers'

The above exception was the direct cause of the following exception:

Traceback (most recent call last):
  File "C:\Users\k0m0oxq\Desktop\repos\Sql_Rag_Demo\SQL_RAG\rag_app\app.py", line 161, in <module>
    embedding_function = HuggingFaceEmbeddings(model_name="sentence-transformers/all-mpnet-base-v2")
                         ^^^^^^^^^^^^^^^^^^^^^^^^^^^^^^^^^^^^^^^^^^^^^^^^^^^^^^^^^^^^^^^^^^^^^^^^^^^
  File "C:\Users\k0m0oxq\Desktop\repos\Sql_Rag_Demo\sql_rag_env\Lib\site-packages\langchain_core\_api\deprecation.py", line 222, in warn_if_direct_instance
    return wrapped(self, *args, **kwargs)
           ^^^^^^^^^^^^^^^^^^^^^^^^^^^^^^
  File "C:\Users\k0m0oxq\Desktop\repos\Sql_Rag_Demo\sql_rag_env\Lib\site-packages\langchain_community\embeddings\huggingface.py", line 87, in __init__
    raise ImportError(
ImportError: Could not import sentence_transformers python package. Please install it with `pip install sentence-transformers`.
2025-08-07 17:13:28,061 [INFO] No status file found. Creating new status.
2025-08-07 17:13:29,000 [INFO] EmbeddingManager initialized with nomic-embed-text model. Vector store path: C:\Users\k0m0oxq\Desktop\repos\Sql_Rag_Demo\SQL_RAG\rag_app\faiss_indices
2025-08-07 17:13:29,012 [INFO] Processing initial batch of 100 documents
2025-08-07 17:30:00,324 [INFO] Loaded existing status file: C:\Users\k0m0oxq\Desktop\repos\Sql_Rag_Demo\SQL_RAG\rag_app\embedding_status.json
2025-08-07 17:30:01,225 [INFO] EmbeddingManager initialized with nomic-embed-text model. Vector store path: C:\Users\k0m0oxq\Desktop\repos\Sql_Rag_Demo\SQL_RAG\rag_app\faiss_indices
2025-08-07 17:30:01,235 [INFO] Processing initial batch of 100 documents
2025-08-07 18:35:29,404 [INFO] Processing initial batch of 100 documents
2025-08-07 18:35:32,425 [INFO] Processing initial batch of 100 documents
2025-08-07 20:47:39,252 [INFO] Loaded existing status file: /Users/kanumadhok/Sql_Rag_Demo/SQL_RAG/rag_app/embedding_status.json
2025-08-07 20:47:39,262 [INFO] EmbeddingManager initialized with nomic-embed-text model. Vector store path: /Users/kanumadhok/Sql_Rag_Demo/SQL_RAG/rag_app/faiss_indices
2025-08-07 20:47:39,263 [INFO] Processing initial batch of 100 documents
2025-08-07 20:52:40,611 [INFO] No status file found. Creating new status.
2025-08-07 20:52:40,798 [INFO] EmbeddingManager initialized with nomic-embed-text model. Vector store path: /Users/kanumadhok/Sql_Rag_Demo/SQL_RAG/rag_app/faiss_indices
2025-08-07 20:52:40,798 [INFO] Processing initial batch of 3 documents from DataFrame with 3 total rows
2025-08-07 21:01:05,826 [INFO] Loaded existing status file: /Users/kanumadhok/Sql_Rag_Demo/SQL_RAG/rag_app/debug_status.json
2025-08-07 21:01:05,850 [INFO] EmbeddingManager initialized with nomic-embed-text model. Vector store path: /Users/kanumadhok/Sql_Rag_Demo/SQL_RAG/rag_app/faiss_indices
2025-08-07 21:01:05,850 [INFO] Processing initial batch of 3 documents from DataFrame with 3 total rows
2025-08-07 21:05:48,852 [INFO] No status file found. Creating new status.
2025-08-07 21:05:48,862 [INFO] EmbeddingManager initialized with nomic-embed-text model. Vector store path: test_faiss_store
2025-08-07 21:05:48,862 [INFO] Processing initial batch of 50 documents from DataFrame with 50 total rows
2025-08-07 21:07:07,232 [INFO] No status file found. Creating new status.
2025-08-07 21:07:07,241 [INFO] EmbeddingManager initialized with nomic-embed-text model. Vector store path: small_test_store
2025-08-07 21:07:07,241 [INFO] Processing initial batch of 10 documents from DataFrame with 10 total rows
