
<!DOCTYPE html>
<html>
<head>
    <title>Test Results - app_simple_gemini.py</title>
    <style>
        body { font-family: Arial, sans-serif; margin: 20px; }
        .header { background: #f0f0f0; padding: 20px; border-radius: 5px; }
        .summary { margin: 20px 0; }
        .test-suite { margin: 20px 0; border: 1px solid #ddd; border-radius: 5px; }
        .suite-header { padding: 15px; font-weight: bold; }
        .passed { background: #d4edda; color: #155724; }
        .failed { background: #f8d7da; color: #721c24; }
        .suite-content { padding: 15px; }
        .output { background: #f8f9fa; padding: 10px; border-radius: 3px; font-family: monospace; white-space: pre-wrap; max-height: 300px; overflow-y: auto; }
        .metrics { display: flex; justify-content: space-between; margin: 10px 0; }
        .metric { text-align: center; }
    </style>
</head>
<body>
    <div class="header">
        <h1>ğŸ§ª Test Results for app_simple_gemini.py</h1>
        <p>Generated on 2025-10-26 09:28:00</p>
    </div>
    
    <div class="summary">
        <h2>ğŸ“Š Summary</h2>
        <div class="metrics">
            <div class="metric">
                <h3>5</h3>
                <p>Total Suites</p>
            </div>
            <div class="metric">
                <h3>0</h3>
                <p>Passed</p>
            </div>
            <div class="metric">
                <h3>5</h3>
                <p>Failed</p>
            </div>
            <div class="metric">
                <h3>1.53s</h3>
                <p>Total Time</p>
            </div>
        </div>
    </div>

    <div class="test-suite">
        <div class="suite-header failed">
            âŒ FAILED Refactoring Safety (0.35s)
        </div>
        <div class="suite-content">
            <p><strong>File:</strong> test_refactoring_safety.py</p>
            <h4>Output:</h4>
            <div class="output">ğŸš€ Running Refactoring Safety Tests


ğŸ“‹ Import Compatibility:
ğŸ§ª Testing import compatibility...
âœ… New modules imported successfully
âœ… Configuration objects created successfully

ğŸ“‹ Configuration Compatibility:
ğŸ§ª Testing configuration backward compatibility...
âœ… Original configuration constants preserved
âœ… Feature flags default to safe legacy mode

ğŸ“‹ Safe Loader Fallback:
ğŸ§ª Testing safe loader fallback...
âœ… Safe loader fallback works correctly

ğŸ“‹ DataFrame Optimizer:
ğŸ§ª Testing DataFrame optimizer compatibility...
âœ… DataFrame optimizer legacy mode works
âœ… DataFrame pagination works

ğŸ“‹ App Still Runs:
ğŸ§ª Testing that original app still runs...
âŒ App run test failed: [Errno 2] No such file or directory: 'app_simple_gemini.py'

ğŸ¯ Safety Test Results:
   âœ… PASS: Import Compatibility
   âœ… PASS: Configuration Compatibility
   âœ… PASS: Safe Loader Fallback
   âœ… PASS: DataFrame Optimizer
   âŒ FAIL: App Still Runs

   Summary: 4/5 tests passed
âŒ SOME SAFETY TESTS FAILED - Fix issues before proceeding
</div>
        </div>
    </div>

    <div class="test-suite">
        <div class="suite-header failed">
            âŒ FAILED Security Improvements (0.27s)
        </div>
        <div class="suite-content">
            <p><strong>File:</strong> test_security_improvements.py</p>
            <h4>Output:</h4>
            <div class="output">ğŸš€ Running Security Improvement Tests


ğŸ“‹ Safe Loader Security:
ğŸ§ª Testing safe loader security...
âœ… File path validation working correctly
âŒ Safe loader security test failed: type object 'SafeLoader' has no attribute '_validate_pickle_data_raw'

ğŸ“‹ SQL Validation Security:
ğŸ§ª Testing SQL validation security...
âœ… Safe SQL queries pass validation
âœ… Dangerous SQL queries are blocked

ğŸ“‹ Input Validation Security:
ğŸ§ª Testing input validation security...
âœ… Safe inputs pass validation
  Blocked: <script>alert('xss')</script>...
  Blocked: javascript:alert('xss')...
  Blocked: ${7*7}...
âœ… Dangerous inputs are blocked

ğŸ“‹ Feature Flag Security:
ğŸ§ª Testing feature flag security defaults...
âœ… Feature flags default to safe values

ğŸ“‹ Backward Compatibility Security:
ğŸ§ª Testing backward compatibility with security...
âŒ Backward compatibility security test failed: [Errno 2] No such file or directory: 'app_simple_gemini.py'

ğŸ¯ Security Test Results:
   âŒ FAIL: Safe Loader Security
   âœ… PASS: SQL Validation Security
   âœ… PASS: Input Validation Security
   âœ… PASS: Feature Flag Security
   âŒ FAIL: Backward Compatibility Security

   Summary: 3/5 tests passed
âŒ SOME SECURITY TESTS FAILED - Review implementations
Dangerous SQL pattern detected: DROP
Dangerous SQL pattern detected: UNION
Dangerous SQL pattern detected: --
Dangerous pattern detected in general: <script[^>]*>.*?</script>
Dangerous pattern detected in general: javascript:
Dangerous pattern detected in general: \$\{.*\}
</div>
        </div>
    </div>

    <div class="test-suite">
        <div class="suite-header failed">
            âŒ FAILED App Comprehensive (0.30s)
        </div>
        <div class="suite-content">
            <p><strong>File:</strong> test_app_simple_gemini_comprehensive.py</p>
            <h4>Output:</h4>
            <div class="output">Traceback (most recent call last):
  File "/Users/kanumadhok/Downloads/code/Sql_Rag_Demo/SQL_RAG/rag_app/tests/test_app_simple_gemini_comprehensive.py", line 23, in <module>
    from app_simple_gemini import (
  File "/Users/kanumadhok/Downloads/code/Sql_Rag_Demo/SQL_RAG/rag_app/app_simple_gemini.py", line 46, in <module>
    from langchain_community.vectorstores import FAISS
ModuleNotFoundError: No module named 'langchain_community'
</div>
        </div>
    </div>

    <div class="test-suite">
        <div class="suite-header failed">
            âŒ FAILED Streamlit Workflow (0.31s)
        </div>
        <div class="suite-content">
            <p><strong>File:</strong> test_streamlit_workflow.py</p>
            <h4>Output:</h4>
            <div class="output">ğŸš€ Running Streamlit Workflow Tests


ğŸ“‹ Streamlit Workflow:
ğŸ§ª Testing configuration management...
  âŒ test_configuration_management failed: No module named 'langchain_community'
ğŸ§ª Testing conversation management integration...
  âŒ test_conversation_management_integration failed: No module named 'langchain_community'
ğŸ§ª Testing data loading in Streamlit context...
  âŒ test_data_loading_in_context failed: No module named 'langchain_community'
ğŸ§ª Testing error display workflows...
  âŒ test_error_display_workflows failed: No module named 'langchain_community'
ğŸ§ª Testing page setup and configuration...
âŒ Page setup failed: No module named 'langchain_community'
  âŒ test_page_setup_and_configuration failed: No module named 'langchain_community'
ğŸ§ª Testing sidebar navigation...
  âŒ test_sidebar_navigation failed: No module named 'langchain_community'
ğŸ§ª Testing styling application...
  âŒ test_styling_application failed: No module named 'langchain_community'
ğŸ§ª Testing workflow state persistence...
  âŒ test_workflow_state_persistence failed: No module named 'langchain_community'
âš ï¸ Streamlit Workflow - Some tests failed

ğŸ“‹ Page Specific Functionality:
ğŸ§ª Testing catalog page functionality...
  âŒ test_catalog_page_functionality failed: No module named 'langchain_community'
ğŸ§ª Testing chat page functionality...
  âŒ test_chat_page_functionality failed: No module named 'langchain_community'
ğŸ§ª Testing data page functionality...
  âŒ test_data_page_functionality failed: No module named 'langchain_community'
ğŸ§ª Testing query search page functionality...
  âŒ test_query_search_page_functionality failed: No module named 'langchain_community'
âš ï¸ Page Specific Functionality - Some tests failed

ğŸ¯ Streamlit Workflow Test Results:
   Summary: 0/12 tests passed
âŒ SOME STREAMLIT WORKFLOW TESTS FAILED - Fix UI integration issues
</div>
        </div>
    </div>

    <div class="test-suite">
        <div class="suite-header failed">
            âŒ FAILED Performance & Regression (0.30s)
        </div>
        <div class="suite-content">
            <p><strong>File:</strong> test_performance_regression.py</p>
            <h4>Output:</h4>
            <div class="output">ğŸš€ Running Performance & Regression Tests


ğŸ“‹ Performance Regression:
ğŸ§ª Testing agent detection performance...
  âŒ test_agent_detection_performance failed: No module named 'langchain_community'
ğŸ§ª Testing data loading performance...
  âŒ test_data_loading_performance failed: No module named 'langchain_community'
ğŸ§ª Testing pagination performance...
  âŒ test_pagination_performance failed: No module named 'langchain_community'
ğŸ§ª Testing utility function performance...
  âŒ test_utility_function_performance failed: No module named 'langchain_community'
âš ï¸ Performance Regression - Some tests failed

ğŸ“‹ Memory Usage:
ğŸ§ª Testing DataFrame memory efficiency...
  âŒ test_dataframe_memory_efficiency failed: No module named 'langchain_community'
ğŸ§ª Testing session state memory usage...
  âŒ test_session_state_memory_growth failed: No module named 'langchain_community'
âš ï¸ Memory Usage - Some tests failed

ğŸ“‹ Function Signature Regression:
ğŸ§ª Testing function signature stability...
  âŒ test_critical_function_signatures failed: No module named 'langchain_community'
ğŸ§ª Testing return type consistency...
  âŒ test_return_type_consistency failed: No module named 'langchain_community'
âš ï¸ Function Signature Regression - Some tests failed

ğŸ¯ Performance & Regression Test Results:
   Summary: 0/8 tests passed
âŒ SOME PERFORMANCE & REGRESSION TESTS FAILED - Review performance issues
</div>
        </div>
    </div>

</body>
</html>
